<?xml version="1.0" encoding="UTF-8"?>
<!-- Generated by org.testng.reporters.JUnitReportReporter -->
<testsuite skipped="0" hostname="DESKTOP-UUE2DNC" name="com.qa.getRequest.PostDeletePutExample2" tests="1" failures="0" timestamp="16 Oct 2018 18:01:02 GMT" time="2.835" errors="0">
  <testcase name="test" time="2.835" classname="com.qa.getRequest.PostDeletePutExample2"/>
</testsuite> <!-- com.qa.getRequest.PostDeletePutExample2 -->
