<?xml version="1.0" encoding="UTF-8"?>
<!-- Generated by org.testng.reporters.JUnitReportReporter -->
<testsuite skipped="0" hostname="DESKTOP-UUE2DNC" name="com.qa.getRequest.AuthAndAuthorization" tests="1" failures="0" timestamp="22 Jan 2019 10:10:47 GMT" time="6.692" errors="0">
  <testcase name="credentialValidation" time="6.692" classname="com.qa.getRequest.AuthAndAuthorization"/>
</testsuite> <!-- com.qa.getRequest.AuthAndAuthorization -->
