<?xml version="1.0" encoding="UTF-8"?>
<!-- Generated by org.testng.reporters.JUnitReportReporter -->
<testsuite skipped="0" hostname="DESKTOP-UUE2DNC" name="com.qa.getRequest.GetRaceTrack" tests="1" failures="0" timestamp="22 Jan 2019 09:17:42 GMT" time="9.497" errors="0">
  <testcase name="getRacingTrackDetail" time="9.497" classname="com.qa.getRequest.GetRaceTrack"/>
</testsuite> <!-- com.qa.getRequest.GetRaceTrack -->
