<?xml version="1.0" encoding="UTF-8"?>
<!-- Generated by org.testng.reporters.JUnitReportReporter -->
<testsuite skipped="0" hostname="DESKTOP-UUE2DNC" name="com.qa.getRequest.PostDeletePutExample" tests="1" failures="0" timestamp="18 Dec 2018 11:16:43 GMT" time="81.970" errors="0">
  <testcase name="test" time="81.970" classname="com.qa.getRequest.PostDeletePutExample"/>
</testsuite> <!-- com.qa.getRequest.PostDeletePutExample -->
